Using pre-set license
Built from '2020.3/staging' branch; Version is '2020.3.22f1 (e1a7f79fd887) revision 14788599'; Using compiler version '192528614'; Build Type 'Release'
OS: 'Windows 10 Pro; OS build 19042.1288; Version 2009; 64bit' Language: 'en' Physical Memory: 16315 MB
BatchMode: 1, IsHumanControllingUs: 0, StartBugReporterOnCrash: 0, Is64bit: 1, IsPro: 0

COMMAND LINE ARGUMENTS:
C:\Program Files\Unity\2020.3.22f1\Editor\Unity.exe
-adb2
-batchMode
-noUpm
-name
AssetImportWorker3
-projectPath
D:/WORK/UDINUS/Unity/Bermain Teki Teka Teki Silang Gigi
-logFile
Logs/AssetImportWorker3.log
-srvPort
56735
Successfully changed project path to: D:/WORK/UDINUS/Unity/Bermain Teki Teka Teki Silang Gigi
D:/WORK/UDINUS/Unity/Bermain Teki Teka Teki Silang Gigi
Using Asset Import Pipeline V2.
Refreshing native plugins compatible for Editor in 63.21 ms, found 3 plugins.
Preloading 0 native plugins for Editor in 0.00 ms.
Initialize engine version: 2020.3.22f1 (e1a7f79fd887)
[Subsystems] Discovering subsystems at path C:/Program Files/Unity/2020.3.22f1/Editor/Data/Resources/UnitySubsystems
[Subsystems] Discovering subsystems at path D:/WORK/UDINUS/Unity/Bermain Teki Teka Teki Silang Gigi/Assets
GfxDevice: creating device client; threaded=0
Direct3D:
    Version:  Direct3D 11.0 [level 11.1]
    Renderer: Radeon RX 570 Series (ID=0x67df)
    Vendor:   
    VRAM:     4075 MB
    Driver:   30.0.13023.1012
Initialize mono
Mono path[0] = 'C:/Program Files/Unity/2020.3.22f1/Editor/Data/Managed'
Mono path[1] = 'C:/Program Files/Unity/2020.3.22f1/Editor/Data/MonoBleedingEdge/lib/mono/unityjit'
Mono config path = 'C:/Program Files/Unity/2020.3.22f1/Editor/Data/MonoBleedingEdge/etc'
Using monoOptions --debugger-agent=transport=dt_socket,embedding=1,server=y,suspend=n,address=127.0.0.1:56048
Begin MonoManager ReloadAssembly
Registering precompiled unity dll's ...
Register platform support module: C:/Program Files/Unity/2020.3.22f1/Editor/Data/PlaybackEngines/WebGLSupport/UnityEditor.WebGL.Extensions.dll
Register platform support module: C:/Program Files/Unity/2020.3.22f1/Editor/Data/PlaybackEngines/WindowsStandaloneSupport/UnityEditor.WindowsStandalone.Extensions.dll
Registered in 0.004893 seconds.
Native extension for WindowsStandalone target not found
Native extension for WebGL target not found
Refreshing native plugins compatible for Editor in 97.26 ms, found 3 plugins.
Preloading 0 native plugins for Editor in 0.00 ms.
Mono: successfully reloaded assembly
- Completed reload, in  5.978 seconds
Domain Reload Profiling:
	ReloadAssembly (5979ms)
		BeginReloadAssembly (140ms)
			ExecutionOrderSort (0ms)
			DisableScriptedObjects (0ms)
			BackupInstance (0ms)
			ReleaseScriptingObjects (0ms)
			CreateAndSetChildDomain (2ms)
		EndReloadAssembly (879ms)
			LoadAssemblies (135ms)
			RebuildTransferFunctionScriptingTraits (0ms)
			SetupTypeCache (253ms)
			ReleaseScriptCaches (0ms)
			RebuildScriptCaches (69ms)
			SetupLoadedEditorAssemblies (339ms)
				LogAssemblyErrors (0ms)
				InitializePlatformSupportModulesInManaged (18ms)
				SetLoadedEditorAssemblies (0ms)
				RefreshPlugins (97ms)
				BeforeProcessingInitializeOnLoad (21ms)
				ProcessInitializeOnLoadAttributes (145ms)
				ProcessInitializeOnLoadMethodAttributes (57ms)
				AfterProcessingInitializeOnLoad (0ms)
				EditorAssembliesLoaded (1ms)
			ExecutionOrderSort2 (0ms)
			AwakeInstancesAfterBackupRestoration (0ms)
Platform modules already initialized, skipping
Registering precompiled user dll's ...
Registered in 0.011755 seconds.
Begin MonoManager ReloadAssembly
Native extension for WindowsStandalone target not found
Native extension for WebGL target not found
Refreshing native plugins compatible for Editor in 108.58 ms, found 3 plugins.
Preloading 0 native plugins for Editor in 0.00 ms.
Mono: successfully reloaded assembly
- Completed reload, in  4.574 seconds
Domain Reload Profiling:
	ReloadAssembly (4577ms)
		BeginReloadAssembly (280ms)
			ExecutionOrderSort (0ms)
			DisableScriptedObjects (10ms)
			BackupInstance (0ms)
			ReleaseScriptingObjects (0ms)
			CreateAndSetChildDomain (39ms)
		EndReloadAssembly (4168ms)
			LoadAssemblies (2351ms)
			RebuildTransferFunctionScriptingTraits (0ms)
			SetupTypeCache (568ms)
			ReleaseScriptCaches (1ms)
			RebuildScriptCaches (101ms)
			SetupLoadedEditorAssemblies (911ms)
				LogAssemblyErrors (0ms)
				InitializePlatformSupportModulesInManaged (13ms)
				SetLoadedEditorAssemblies (1ms)
				RefreshPlugins (109ms)
				BeforeProcessingInitializeOnLoad (174ms)
				ProcessInitializeOnLoadAttributes (539ms)
				ProcessInitializeOnLoadMethodAttributes (49ms)
				AfterProcessingInitializeOnLoad (25ms)
				EditorAssembliesLoaded (1ms)
			ExecutionOrderSort2 (0ms)
			AwakeInstancesAfterBackupRestoration (15ms)
Platform modules already initialized, skipping
========================================================================
Worker process is ready to serve import requests
Launched and connected shader compiler UnityShaderCompiler.exe after 0.37 seconds
Refreshing native plugins compatible for Editor in 0.76 ms, found 3 plugins.
Preloading 0 native plugins for Editor in 0.00 ms.
Unloading 2182 Unused Serialized files (Serialized files now loaded: 0)
System memory in use before: 95.5 MB.
System memory in use after: 95.6 MB.

Unloading 28 unused Assets to reduce memory usage. Loaded Objects now: 2615.
Total: 5.389600 ms (FindLiveObjects: 0.331300 ms CreateObjectMapping: 0.094700 ms MarkObjects: 4.863300 ms  DeleteObjects: 0.097800 ms)

AssetImportParameters requested are different than current active one (requested -> active):
  custom:framework-win-MediaFoundation: 216162199b28c13a410421893ffa2e32 -> 
  custom:video-decoder-ogg-theora: a1e56fd34408186e4bbccfd4996cb3dc -> 
  custom:container-muxer-webm: aa71ff27fc2769a1b78a27578f13a17b -> 
  custom:container-demuxer-webm: 4f35f7cbe854078d1ac9338744f61a02 -> 
  custom:container-demuxer-ogg: 62fdf1f143b41e24485cea50d1cbac27 -> 
  custom:video-encoder-webm-vp8: eb34c28f22e8b96e1ab97ce403110664 -> 
  custom:video-decoder-webm-vp8: 9c59270c3fd7afecdb556c50c9e8de78 -> 
  custom:audio-decoder-ogg-vorbis: bf7c407c2cedff20999df2af8eb42d56 -> 
  custom:audio-encoder-webm-vorbis: bf7c407c2cedff20999df2af8eb42d56 -> 
========================================================================
Received Import Request.
  path: Assets/Images/Info/20220128_155009_0000.png
  artifactKey: Guid(4f98e3a7d6893714087fdc8926a7c196) Importer(815301076,1909f56bfc062723c751e8b465ee728b)
Start importing Assets/Images/Info/20220128_155009_0000.png using Guid(4f98e3a7d6893714087fdc8926a7c196) Importer(815301076,1909f56bfc062723c751e8b465ee728b)  -> (artifact id: '289a1d808a396df731f846667488d3f0') in 0.547815 seconds 
  Import took 0.591483 seconds .

========================================================================
Received Import Request.
  Time since last request: 0.001120 seconds.
  path: Assets/Images/Info
  artifactKey: Guid(3f8e29f8fb25674418778c41db3e0e2b) Importer(815301076,1909f56bfc062723c751e8b465ee728b)
Start importing Assets/Images/Info using Guid(3f8e29f8fb25674418778c41db3e0e2b) Importer(815301076,1909f56bfc062723c751e8b465ee728b)  -> (artifact id: 'a8765a3257fbf71ba36bb5de6bd31565') in 0.009009 seconds 
  Import took 0.056674 seconds .

========================================================================
Received Import Request.
  Time since last request: 0.000223 seconds.
  path: Assets/Images/Teki/1_20220129_174823_0000.png
  artifactKey: Guid(272dde7fe6aa6da4f8970bc3777421db) Importer(815301076,1909f56bfc062723c751e8b465ee728b)
Start importing Assets/Images/Teki/1_20220129_174823_0000.png using Guid(272dde7fe6aa6da4f8970bc3777421db) Importer(815301076,1909f56bfc062723c751e8b465ee728b)  -> (artifact id: 'ae1d8840c81dbb147d68121ad888eb0c') in 0.040629 seconds 
  Import took 0.057138 seconds .

========================================================================
Received Import Request.
  Time since last request: 0.000217 seconds.
  path: Assets/Images/Teki/3_20220129_174823_0002.png
  artifactKey: Guid(712e96b1da22e224dbad187935619c52) Importer(815301076,1909f56bfc062723c751e8b465ee728b)
Start importing Assets/Images/Teki/3_20220129_174823_0002.png using Guid(712e96b1da22e224dbad187935619c52) Importer(815301076,1909f56bfc062723c751e8b465ee728b)  -> (artifact id: '3039ba2816741567b9ab413a506408fa') in 0.044045 seconds 
  Import took 0.055395 seconds .

========================================================================
Received Import Request.
  Time since last request: 0.000208 seconds.
  path: Assets/Images/Teki/2_20220129_174823_0001.png
  artifactKey: Guid(d4947b0de25a3264c80d6b648c5b98ad) Importer(815301076,1909f56bfc062723c751e8b465ee728b)
Start importing Assets/Images/Teki/2_20220129_174823_0001.png using Guid(d4947b0de25a3264c80d6b648c5b98ad) Importer(815301076,1909f56bfc062723c751e8b465ee728b)  -> (artifact id: '45c11e6cba38f658ebebc4e3eec72dc4') in 0.027584 seconds 
  Import took 0.074660 seconds .

========================================================================
Received Import Request.
  Time since last request: 0.000267 seconds.
  path: Assets/Images/Info/20220128_154947_0010.png
  artifactKey: Guid(fd638a36aac2c6747b8352e4f5c90c74) Importer(815301076,1909f56bfc062723c751e8b465ee728b)
Start importing Assets/Images/Info/20220128_154947_0010.png using Guid(fd638a36aac2c6747b8352e4f5c90c74) Importer(815301076,1909f56bfc062723c751e8b465ee728b)  -> (artifact id: 'baeedf59d358970de362b3fd85dccf0c') in 0.030067 seconds 
  Import took 0.051772 seconds .

========================================================================
Received Import Request.
  Time since last request: 0.000221 seconds.
  path: Assets/Images/Teki/4_20220129_174823_0003.png
  artifactKey: Guid(dceb38e7ca7ec444cbcdd01034a05d3f) Importer(815301076,1909f56bfc062723c751e8b465ee728b)
Start importing Assets/Images/Teki/4_20220129_174823_0003.png using Guid(dceb38e7ca7ec444cbcdd01034a05d3f) Importer(815301076,1909f56bfc062723c751e8b465ee728b)  -> (artifact id: 'd857c2b533de3195f831185306e56551') in 0.042831 seconds 
  Import took 0.072022 seconds .

========================================================================
Received Import Request.
  Time since last request: 0.000225 seconds.
  path: Assets/Images/Info/20220128_154947_0002.png
  artifactKey: Guid(a6a9cb2d5bb5dd04bab7a89ba0fc1d6f) Importer(815301076,1909f56bfc062723c751e8b465ee728b)
Start importing Assets/Images/Info/20220128_154947_0002.png using Guid(a6a9cb2d5bb5dd04bab7a89ba0fc1d6f) Importer(815301076,1909f56bfc062723c751e8b465ee728b)  -> (artifact id: '2e349ad5a6180355801c7065ba314bb8') in 0.027683 seconds 
  Import took 0.051000 seconds .

========================================================================
Received Import Request.
  Time since last request: 0.000253 seconds.
  path: Assets/Images/Info/20220128_154947_0003.png
  artifactKey: Guid(02701192a857b9c46b43d8802a78205c) Importer(815301076,1909f56bfc062723c751e8b465ee728b)
Start importing Assets/Images/Info/20220128_154947_0003.png using Guid(02701192a857b9c46b43d8802a78205c) Importer(815301076,1909f56bfc062723c751e8b465ee728b)  -> (artifact id: 'c1befe54d56df925bfd08bcdf5e90024') in 0.047445 seconds 
  Import took 0.053389 seconds .

========================================================================
Received Import Request.
  Time since last request: 0.000232 seconds.
  path: Assets/Images/Info/20220128_154947_0007.png
  artifactKey: Guid(804b341551d8ad84e980c5236c8ae9d0) Importer(815301076,1909f56bfc062723c751e8b465ee728b)
Start importing Assets/Images/Info/20220128_154947_0007.png using Guid(804b341551d8ad84e980c5236c8ae9d0) Importer(815301076,1909f56bfc062723c751e8b465ee728b)  -> (artifact id: '39f83470ec808e1f98234529bf873014') in 0.024226 seconds 
  Import took 0.059926 seconds .

========================================================================
Received Import Request.
  Time since last request: 0.000220 seconds.
  path: Assets/Images/Info/2_20220128_161551_0001.png
  artifactKey: Guid(f13c21346e89006418a2c17e37cfa037) Importer(815301076,1909f56bfc062723c751e8b465ee728b)
Start importing Assets/Images/Info/2_20220128_161551_0001.png using Guid(f13c21346e89006418a2c17e37cfa037) Importer(815301076,1909f56bfc062723c751e8b465ee728b)  -> (artifact id: 'cf8699e2f2a86c30bef2c621c872436e') in 0.026535 seconds 
  Import took 0.065786 seconds .

========================================================================
Received Import Request.
  Time since last request: 0.000330 seconds.
  path: Assets/Images/Info/20220128_154947_0012.png
  artifactKey: Guid(38053e91deb679747bc8d9787cd87b92) Importer(815301076,1909f56bfc062723c751e8b465ee728b)
Start importing Assets/Images/Info/20220128_154947_0012.png using Guid(38053e91deb679747bc8d9787cd87b92) Importer(815301076,1909f56bfc062723c751e8b465ee728b)  -> (artifact id: '85b2affe26ccc666ee39107ea1ac598b') in 0.044616 seconds 
  Import took 0.053862 seconds .

========================================================================
Received Import Request.
  Time since last request: 0.001401 seconds.
  path: Assets/Images/Teki/7_20220129_174823_0006.png
  artifactKey: Guid(8a8da568c0c530046b2a8e2de3807fe9) Importer(815301076,1909f56bfc062723c751e8b465ee728b)
Start importing Assets/Images/Teki/7_20220129_174823_0006.png using Guid(8a8da568c0c530046b2a8e2de3807fe9) Importer(815301076,1909f56bfc062723c751e8b465ee728b)  -> (artifact id: '9250404c5bb15d2713fe6843d7ff582b') in 0.055808 seconds 
  Import took 0.070497 seconds .

========================================================================
Received Import Request.
  Time since last request: 0.001311 seconds.
  path: Assets/Images/Info/20220128_155009_0005.png
  artifactKey: Guid(2d878aad5ec9fb947b1516a5b9a336f6) Importer(815301076,1909f56bfc062723c751e8b465ee728b)
Start importing Assets/Images/Info/20220128_155009_0005.png using Guid(2d878aad5ec9fb947b1516a5b9a336f6) Importer(815301076,1909f56bfc062723c751e8b465ee728b)  -> (artifact id: 'ab12e2a0c7af57862a634f7779d02707') in 0.042223 seconds 
  Import took 0.051611 seconds .

========================================================================
Received Import Request.
  Time since last request: 0.000706 seconds.
  path: Assets/Images/Info/20220128_154947_0000.png
  artifactKey: Guid(183cc70093ead3d4e81c713640a11d25) Importer(815301076,1909f56bfc062723c751e8b465ee728b)
Start importing Assets/Images/Info/20220128_154947_0000.png using Guid(183cc70093ead3d4e81c713640a11d25) Importer(815301076,1909f56bfc062723c751e8b465ee728b)  -> (artifact id: '2375ccda534265c0c07284e281911450') in 0.030631 seconds 
  Import took 0.035432 seconds .

========================================================================
Received Import Request.
  Time since last request: 0.004535 seconds.
  path: Assets/Images/Teki/5_20220129_174823_0004.png
  artifactKey: Guid(7b15a5f00ac8a724980b7360dc2fcf21) Importer(815301076,1909f56bfc062723c751e8b465ee728b)
Start importing Assets/Images/Teki/5_20220129_174823_0004.png using Guid(7b15a5f00ac8a724980b7360dc2fcf21) Importer(815301076,1909f56bfc062723c751e8b465ee728b)  -> (artifact id: '02305304c6c65dac6e3ef8232721fda7') in 0.028042 seconds 
  Import took 0.032408 seconds .

========================================================================
Received Import Request.
  Time since last request: 0.000404 seconds.
  path: Assets/Images/Teki/8_20220129_174823_0007.png
  artifactKey: Guid(50b9ae013ff42e3458483bf689f3a241) Importer(815301076,1909f56bfc062723c751e8b465ee728b)
Start importing Assets/Images/Teki/8_20220129_174823_0007.png using Guid(50b9ae013ff42e3458483bf689f3a241) Importer(815301076,1909f56bfc062723c751e8b465ee728b)  -> (artifact id: '134bb379923362f1e507963f3f35621b') in 0.024811 seconds 
  Import took 0.029198 seconds .

========================================================================
Received Import Request.
  Time since last request: 0.000256 seconds.
  path: Assets/Images/Info/20220128_154947_0011.png
  artifactKey: Guid(5ec2aac276ef7ed488a8f04d019b56ab) Importer(815301076,1909f56bfc062723c751e8b465ee728b)
Start importing Assets/Images/Info/20220128_154947_0011.png using Guid(5ec2aac276ef7ed488a8f04d019b56ab) Importer(815301076,1909f56bfc062723c751e8b465ee728b)  -> (artifact id: '5afcf077837ba9efa9f1ac9c430bf6c5') in 0.024290 seconds 
  Import took 0.029222 seconds .

========================================================================
Received Import Request.
  Time since last request: 0.000466 seconds.
  path: Assets/Images/Teki/11_20220129_174823_0010.png
  artifactKey: Guid(8d8fe0d7ece0e9d4baa27933ee3f3bb1) Importer(815301076,1909f56bfc062723c751e8b465ee728b)
Start importing Assets/Images/Teki/11_20220129_174823_0010.png using Guid(8d8fe0d7ece0e9d4baa27933ee3f3bb1) Importer(815301076,1909f56bfc062723c751e8b465ee728b)  -> (artifact id: '620ec783794acae5ac732c0d41081ffd') in 0.023130 seconds 
  Import took 0.027651 seconds .

========================================================================
Received Import Request.
  Time since last request: 0.000255 seconds.
  path: Assets/Images/Info/20220128_154947_0001.png
  artifactKey: Guid(492f147471b9b3743871c6fa3cbebd41) Importer(815301076,1909f56bfc062723c751e8b465ee728b)
Start importing Assets/Images/Info/20220128_154947_0001.png using Guid(492f147471b9b3743871c6fa3cbebd41) Importer(815301076,1909f56bfc062723c751e8b465ee728b)  -> (artifact id: '03ab22c1f205d0d6c15c15f0bdcef512') in 0.022298 seconds 
  Import took 0.028249 seconds .

========================================================================
Received Import Request.
  Time since last request: 0.000517 seconds.
  path: Assets/Images/Teki
  artifactKey: Guid(06bcb6171bc6e5741a9393dca1def88f) Importer(815301076,1909f56bfc062723c751e8b465ee728b)
Start importing Assets/Images/Teki using Guid(06bcb6171bc6e5741a9393dca1def88f) Importer(815301076,1909f56bfc062723c751e8b465ee728b)  -> (artifact id: 'a1786a543b4eb50b4ec46f6334c108df') in 0.011853 seconds 
  Import took 0.016952 seconds .

========================================================================
Received Import Request.
  Time since last request: 0.000270 seconds.
  path: Assets/Images/Teki/6_20220129_174823_0005.png
  artifactKey: Guid(334d75068e3c4f842a2bac88a5d65c38) Importer(815301076,1909f56bfc062723c751e8b465ee728b)
Start importing Assets/Images/Teki/6_20220129_174823_0005.png using Guid(334d75068e3c4f842a2bac88a5d65c38) Importer(815301076,1909f56bfc062723c751e8b465ee728b)  -> (artifact id: '807e7f9f63245d7fff10605e2689d29e') in 0.024131 seconds 
  Import took 0.028820 seconds .

========================================================================
Received Import Request.
  Time since last request: 0.000214 seconds.
  path: Assets/Images/Info/20220128_155009_0002.png
  artifactKey: Guid(257be6356092b1e45ac6f4cec45bd0cc) Importer(815301076,1909f56bfc062723c751e8b465ee728b)
Start importing Assets/Images/Info/20220128_155009_0002.png using Guid(257be6356092b1e45ac6f4cec45bd0cc) Importer(815301076,1909f56bfc062723c751e8b465ee728b)  -> (artifact id: '25c49417f600816a4aea3f98504e00ff') in 0.022110 seconds 
  Import took 0.026988 seconds .

========================================================================
Received Import Request.
  Time since last request: 0.000197 seconds.
  path: Assets/Images/Teki/9_20220129_174823_0008.png
  artifactKey: Guid(6e2805022e9d45b48861d824207359ab) Importer(815301076,1909f56bfc062723c751e8b465ee728b)
Start importing Assets/Images/Teki/9_20220129_174823_0008.png using Guid(6e2805022e9d45b48861d824207359ab) Importer(815301076,1909f56bfc062723c751e8b465ee728b)  -> (artifact id: 'bf6ec7a10ae85ecb68c547254c8841ed') in 0.024035 seconds 
  Import took 0.028998 seconds .

========================================================================
Received Import Request.
  Time since last request: 0.000225 seconds.
  path: Assets/Images/Info/20220128_155009_0001.png
  artifactKey: Guid(26c28a3e9d9fc6049aaef50b6126480c) Importer(815301076,1909f56bfc062723c751e8b465ee728b)
Start importing Assets/Images/Info/20220128_155009_0001.png using Guid(26c28a3e9d9fc6049aaef50b6126480c) Importer(815301076,1909f56bfc062723c751e8b465ee728b)  -> (artifact id: '9a67bef6e25cec63ab14c411a4cac554') in 0.020088 seconds 
  Import took 0.024232 seconds .

========================================================================
Received Import Request.
  Time since last request: 0.000212 seconds.
  path: Assets/Images/Teki/5_20220129_174823_0004(1).png
  artifactKey: Guid(79fc78f100f12964f91df90c212b3fcc) Importer(815301076,1909f56bfc062723c751e8b465ee728b)
Start importing Assets/Images/Teki/5_20220129_174823_0004(1).png using Guid(79fc78f100f12964f91df90c212b3fcc) Importer(815301076,1909f56bfc062723c751e8b465ee728b)  -> (artifact id: 'b2ae02d62f03b9f3f805ee82c2db52fa') in 0.021332 seconds 
  Import took 0.061858 seconds .

========================================================================
Received Import Request.
  Time since last request: 0.000349 seconds.
  path: Assets/Images
  artifactKey: Guid(852d4eaa4d21b0146956b9c7613443ca) Importer(815301076,1909f56bfc062723c751e8b465ee728b)
Start importing Assets/Images using Guid(852d4eaa4d21b0146956b9c7613443ca) Importer(815301076,1909f56bfc062723c751e8b465ee728b)  -> (artifact id: 'fd8a3f9047945a6d0153f9dd9725bb0d') in 0.040754 seconds 
  Import took 0.097571 seconds .

========================================================================
Received Import Request.
  Time since last request: 0.000249 seconds.
  path: Assets/Images/Teki/10_20220129_174823_0009.png
  artifactKey: Guid(355d29040e217d74aa9c398a28cada50) Importer(815301076,1909f56bfc062723c751e8b465ee728b)
Start importing Assets/Images/Teki/10_20220129_174823_0009.png using Guid(355d29040e217d74aa9c398a28cada50) Importer(815301076,1909f56bfc062723c751e8b465ee728b)  -> (artifact id: '44872cd25f4bf5970c7d50afb9a6ea63') in 0.042072 seconds 
  Import took 0.046752 seconds .

========================================================================
Received Import Request.
  Time since last request: 160.933390 seconds.
  path: Assets/Images/Teki/1.png
  artifactKey: Guid(272dde7fe6aa6da4f8970bc3777421db) Importer(815301076,1909f56bfc062723c751e8b465ee728b)
Start importing Assets/Images/Teki/1.png using Guid(272dde7fe6aa6da4f8970bc3777421db) Importer(815301076,1909f56bfc062723c751e8b465ee728b)  -> (artifact id: '8dae916b08009d5dcaa187cd90ccd2fa') in 0.024170 seconds 
  Import took 0.058955 seconds .

========================================================================
Received Import Request.
  Time since last request: 1.894433 seconds.
  path: Assets/Images/Teki/2.png
  artifactKey: Guid(d4947b0de25a3264c80d6b648c5b98ad) Importer(815301076,1909f56bfc062723c751e8b465ee728b)
Start importing Assets/Images/Teki/2.png using Guid(d4947b0de25a3264c80d6b648c5b98ad) Importer(815301076,1909f56bfc062723c751e8b465ee728b)  -> (artifact id: '06646fecfb3f765f227be8509bd83ea8') in 0.073230 seconds 
  Import took 0.207609 seconds .

========================================================================
Received Import Request.
  Time since last request: 2.068636 seconds.
  path: Assets/Images/Teki/3.png
  artifactKey: Guid(712e96b1da22e224dbad187935619c52) Importer(815301076,1909f56bfc062723c751e8b465ee728b)
Start importing Assets/Images/Teki/3.png using Guid(712e96b1da22e224dbad187935619c52) Importer(815301076,1909f56bfc062723c751e8b465ee728b)  -> (artifact id: 'dfa80c22acbd92688f54876050b1233a') in 0.241296 seconds 
  Import took 0.337866 seconds .

========================================================================
Received Import Request.
  Time since last request: 1.683631 seconds.
  path: Assets/Images/Teki/4.png
  artifactKey: Guid(dceb38e7ca7ec444cbcdd01034a05d3f) Importer(815301076,1909f56bfc062723c751e8b465ee728b)
Start importing Assets/Images/Teki/4.png using Guid(dceb38e7ca7ec444cbcdd01034a05d3f) Importer(815301076,1909f56bfc062723c751e8b465ee728b)  -> (artifact id: '78e50e0701eb999ca32b65b91633402a') in 0.033750 seconds 
  Import took 0.069037 seconds .

========================================================================
Received Import Request.
  Time since last request: 6.646094 seconds.
  path: Assets/Images/Teki/5.png
  artifactKey: Guid(79fc78f100f12964f91df90c212b3fcc) Importer(815301076,1909f56bfc062723c751e8b465ee728b)
Start importing Assets/Images/Teki/5.png using Guid(79fc78f100f12964f91df90c212b3fcc) Importer(815301076,1909f56bfc062723c751e8b465ee728b)  -> (artifact id: '1370bfb5642060578caeaedfc56709a2') in 0.055114 seconds 
  Import took 0.064041 seconds .

========================================================================
Received Import Request.
  Time since last request: 10.016326 seconds.
  path: Assets/Images/Teki/6.png
  artifactKey: Guid(334d75068e3c4f842a2bac88a5d65c38) Importer(815301076,1909f56bfc062723c751e8b465ee728b)
Start importing Assets/Images/Teki/6.png using Guid(334d75068e3c4f842a2bac88a5d65c38) Importer(815301076,1909f56bfc062723c751e8b465ee728b)  -> (artifact id: 'b678e58d31ac59411196ddf0ab92542c') in 0.041762 seconds 
  Import took 0.048753 seconds .

========================================================================
Received Import Request.
  Time since last request: 2.392177 seconds.
  path: Assets/Images/Teki/7.png
  artifactKey: Guid(8a8da568c0c530046b2a8e2de3807fe9) Importer(815301076,1909f56bfc062723c751e8b465ee728b)
Start importing Assets/Images/Teki/7.png using Guid(8a8da568c0c530046b2a8e2de3807fe9) Importer(815301076,1909f56bfc062723c751e8b465ee728b)  -> (artifact id: '27b625bee8b672145906e3150ddca733') in 0.321636 seconds 
  Import took 0.333302 seconds .

========================================================================
Received Import Request.
  Time since last request: 1.835684 seconds.
  path: Assets/Images/Teki/8.png
  artifactKey: Guid(50b9ae013ff42e3458483bf689f3a241) Importer(815301076,1909f56bfc062723c751e8b465ee728b)
Start importing Assets/Images/Teki/8.png using Guid(50b9ae013ff42e3458483bf689f3a241) Importer(815301076,1909f56bfc062723c751e8b465ee728b)  -> (artifact id: '330038cf3f02a40b4e73272ddb8e39a8') in 0.052041 seconds 
  Import took 0.059623 seconds .

========================================================================
Received Import Request.
  Time since last request: 1.778495 seconds.
  path: Assets/Images/Teki/9.png
  artifactKey: Guid(6e2805022e9d45b48861d824207359ab) Importer(815301076,1909f56bfc062723c751e8b465ee728b)
Start importing Assets/Images/Teki/9.png using Guid(6e2805022e9d45b48861d824207359ab) Importer(815301076,1909f56bfc062723c751e8b465ee728b)  -> (artifact id: '1b3dca8f566ce66ee054bd9463e1df4c') in 0.032896 seconds 
  Import took 0.065429 seconds .

========================================================================
Received Import Request.
  Time since last request: 2.718708 seconds.
  path: Assets/Images/Teki/10.png
  artifactKey: Guid(355d29040e217d74aa9c398a28cada50) Importer(815301076,1909f56bfc062723c751e8b465ee728b)
Start importing Assets/Images/Teki/10.png using Guid(355d29040e217d74aa9c398a28cada50) Importer(815301076,1909f56bfc062723c751e8b465ee728b)  -> (artifact id: '657a31645b3e5c7d135850c1ca671c6d') in 0.034745 seconds 
  Import took 0.067252 seconds .

========================================================================
Received Import Request.
  Time since last request: 1.694358 seconds.
  path: Assets/Images/Teki/11.png
  artifactKey: Guid(8d8fe0d7ece0e9d4baa27933ee3f3bb1) Importer(815301076,1909f56bfc062723c751e8b465ee728b)
Start importing Assets/Images/Teki/11.png using Guid(8d8fe0d7ece0e9d4baa27933ee3f3bb1) Importer(815301076,1909f56bfc062723c751e8b465ee728b)  -> (artifact id: 'aed804777f1d6672fa37c9163ec214f0') in 0.041722 seconds 
  Import took 0.049545 seconds .

AssetImportWorkerClient::OnTransportError - code=2 error=End of file
